<html>
<head>
<title>TestNG:  Test</title>
<link href="../testng.css" rel="stylesheet" type="text/css" />
<link href="../my-testng.css" rel="stylesheet" type="text/css" />

<style type="text/css">
.log { display: none;} 
.stack-trace { display: none;} 
</style>
<script type="text/javascript">
<!--
function flip(e) {
  current = e.style.display;
  if (current == 'block') {
    e.style.display = 'none';
    return 0;
  }
  else {
    e.style.display = 'block';
    return 1;
  }
}

function toggleBox(szDivId, elem, msg1, msg2)
{
  var res = -1;  if (document.getElementById) {
    res = flip(document.getElementById(szDivId));
  }
  else if (document.all) {
    // this is the way old msie versions work
    res = flip(document.all[szDivId]);
  }
  if(elem) {
    if(res == 0) elem.innerHTML = msg1; else elem.innerHTML = msg2;
  }

}

function toggleAllBoxes() {
  if (document.getElementsByTagName) {
    d = document.getElementsByTagName('div');
    for (i = 0; i < d.length; i++) {
      if (d[i].className == 'log') {
        flip(d[i]);
      }
    }
  }
}

// -->
</script>

</head>
<body>
<h2 align='center'>Test</h2><table border='1' align="center">
<tr>
<td>Tests passed/Failed/Skipped:</td><td>14/4/3</td>
</tr><tr>
<td>Started on:</td><td>Sat Dec 16 20:52:41 PST 2023</td>
</tr>
<tr><td>Total time:</td><td>0 seconds (166 ms)</td>
</tr><tr>
<td>Included groups:</td><td></td>
</tr><tr>
<td>Excluded groups:</td><td></td>
</tr>
</table><p/>
<small><i>(Hover the method name to see the test class name)</i></small><p/>
<table width='100%' border='1' class='invocation-failed'>
<tr><td colspan='4' align='center'><b>FAILED TESTS</b></td></tr>
<tr><td><b>Test method</b></td>
<td><b>Attribute(s)</b></td>
<td width="30%"><b>Exception</b></td>
<td width="10%"><b>Time (seconds)</b></td>
<td><b>Instance</b></td>
</tr>
<tr>
<td title='Tests.Test_Case_01.test_Case_01()'><b>test_Case_01</b><br>Test class: Tests.Test_Case_01</td>
<td><div><pre>java.lang.AssertionError: The following asserts failed:
	expected [xyz1] but found [xyz]
	at Tests.Test_Case_01.test_Case_01(Test_Case_01.java:19)
	at java.base/java.util.ArrayList.forEach(ArrayList.java:1507)
... Removed 29 stack frames</pre></div><a href='#' onClick='toggleBox("stack-trace31114735", this, "Click to show all stack frames", "Click to hide stack frames")'>Click to show all stack frames</a>
<div class='stack-trace' id='stack-trace31114735'><pre>java.lang.AssertionError: The following asserts failed:
	expected [xyz1] but found [xyz]
	at org.testng.asserts.SoftAssert.assertAll(SoftAssert.java:46)
	at org.testng.asserts.SoftAssert.assertAll(SoftAssert.java:30)
	at Tests.Test_Case_01.test_Case_01(Test_Case_01.java:19)
	at java.base/jdk.internal.reflect.NativeMethodAccessorImpl.invoke0(Native Method)
	at java.base/jdk.internal.reflect.NativeMethodAccessorImpl.invoke(NativeMethodAccessorImpl.java:62)
	at java.base/jdk.internal.reflect.DelegatingMethodAccessorImpl.invoke(DelegatingMethodAccessorImpl.java:43)
	at java.base/java.lang.reflect.Method.invoke(Method.java:567)
	at org.testng.internal.invokers.MethodInvocationHelper.invokeMethod(MethodInvocationHelper.java:139)
	at org.testng.internal.invokers.TestInvoker.invokeMethod(TestInvoker.java:664)
	at org.testng.internal.invokers.TestInvoker.invokeTestMethod(TestInvoker.java:227)
	at org.testng.internal.invokers.MethodRunner.runInSequence(MethodRunner.java:50)
	at org.testng.internal.invokers.TestInvoker$MethodInvocationAgent.invoke(TestInvoker.java:957)
	at org.testng.internal.invokers.TestInvoker.invokeTestMethods(TestInvoker.java:200)
	at org.testng.internal.invokers.TestMethodWorker.invokeTestMethods(TestMethodWorker.java:148)
	at org.testng.internal.invokers.TestMethodWorker.run(TestMethodWorker.java:128)
	at java.base/java.util.ArrayList.forEach(ArrayList.java:1507)
	at org.testng.TestRunner.privateRun(TestRunner.java:848)
	at org.testng.TestRunner.run(TestRunner.java:621)
	at org.testng.SuiteRunner.runTest(SuiteRunner.java:443)
	at org.testng.SuiteRunner.runSequentially(SuiteRunner.java:437)
	at org.testng.SuiteRunner.privateRun(SuiteRunner.java:397)
	at org.testng.SuiteRunner.run(SuiteRunner.java:336)
	at org.testng.SuiteRunnerWorker.runSuite(SuiteRunnerWorker.java:52)
	at org.testng.SuiteRunnerWorker.run(SuiteRunnerWorker.java:95)
	at org.testng.TestNG.runSuitesSequentially(TestNG.java:1280)
	at org.testng.TestNG.runSuitesLocally(TestNG.java:1200)
	at org.testng.TestNG.runSuites(TestNG.java:1114)
	at org.testng.TestNG.run(TestNG.java:1082)
	at org.testng.remote.AbstractRemoteTestNG.run(AbstractRemoteTestNG.java:115)
	at org.testng.remote.RemoteTestNG.initAndRun(RemoteTestNG.java:251)
	at org.testng.remote.RemoteTestNG.main(RemoteTestNG.java:77)
</pre></div></td>
<td>0</td>
<td>Tests.Test_Case_01@130161f7</td></tr>
<tr>
<td title='test_Annotaion_Priority.Test_Annotaion_Priority_By_Priority_DependsOnMethodsMutiplePriroty.order()'><b>order</b><br>Test class: test_Annotaion_Priority.Test_Annotaion_Priority_By_Priority_DependsOnMethodsMutiplePriroty</td>
<td><div><pre>java.lang.AssertionError: expected [true] but found [false]
	at test_Annotaion_Priority.Test_Annotaion_Priority_By_Priority_DependsOnMethodsMutiplePriroty.order(Test_Annotaion_Priority_By_Priority_DependsOnMethodsMutiplePriroty.java:17)
	at java.base/java.util.ArrayList.forEach(ArrayList.java:1507)
... Removed 34 stack frames</pre></div><a href='#' onClick='toggleBox("stack-trace1781241150", this, "Click to show all stack frames", "Click to hide stack frames")'>Click to show all stack frames</a>
<div class='stack-trace' id='stack-trace1781241150'><pre>java.lang.AssertionError: expected [true] but found [false]
	at org.testng.Assert.fail(Assert.java:111)
	at org.testng.Assert.failNotEquals(Assert.java:1578)
	at org.testng.Assert.assertEqualsImpl(Assert.java:150)
	at org.testng.Assert.assertEquals(Assert.java:132)
	at org.testng.Assert.assertEquals(Assert.java:1067)
	at org.testng.Assert.assertEquals(Assert.java:1031)
	at org.testng.Assert.assertEquals(Assert.java:1077)
	at test_Annotaion_Priority.Test_Annotaion_Priority_By_Priority_DependsOnMethodsMutiplePriroty.order(Test_Annotaion_Priority_By_Priority_DependsOnMethodsMutiplePriroty.java:17)
	at java.base/jdk.internal.reflect.NativeMethodAccessorImpl.invoke0(Native Method)
	at java.base/jdk.internal.reflect.NativeMethodAccessorImpl.invoke(NativeMethodAccessorImpl.java:62)
	at java.base/jdk.internal.reflect.DelegatingMethodAccessorImpl.invoke(DelegatingMethodAccessorImpl.java:43)
	at java.base/java.lang.reflect.Method.invoke(Method.java:567)
	at org.testng.internal.invokers.MethodInvocationHelper.invokeMethod(MethodInvocationHelper.java:139)
	at org.testng.internal.invokers.TestInvoker.invokeMethod(TestInvoker.java:664)
	at org.testng.internal.invokers.TestInvoker.invokeTestMethod(TestInvoker.java:227)
	at org.testng.internal.invokers.MethodRunner.runInSequence(MethodRunner.java:50)
	at org.testng.internal.invokers.TestInvoker$MethodInvocationAgent.invoke(TestInvoker.java:957)
	at org.testng.internal.invokers.TestInvoker.invokeTestMethods(TestInvoker.java:200)
	at org.testng.internal.invokers.TestMethodWorker.invokeTestMethods(TestMethodWorker.java:148)
	at org.testng.internal.invokers.TestMethodWorker.run(TestMethodWorker.java:128)
	at java.base/java.util.ArrayList.forEach(ArrayList.java:1507)
	at org.testng.TestRunner.privateRun(TestRunner.java:848)
	at org.testng.TestRunner.run(TestRunner.java:621)
	at org.testng.SuiteRunner.runTest(SuiteRunner.java:443)
	at org.testng.SuiteRunner.runSequentially(SuiteRunner.java:437)
	at org.testng.SuiteRunner.privateRun(SuiteRunner.java:397)
	at org.testng.SuiteRunner.run(SuiteRunner.java:336)
	at org.testng.SuiteRunnerWorker.runSuite(SuiteRunnerWorker.java:52)
	at org.testng.SuiteRunnerWorker.run(SuiteRunnerWorker.java:95)
	at org.testng.TestNG.runSuitesSequentially(TestNG.java:1280)
	at org.testng.TestNG.runSuitesLocally(TestNG.java:1200)
	at org.testng.TestNG.runSuites(TestNG.java:1114)
	at org.testng.TestNG.run(TestNG.java:1082)
	at org.testng.remote.AbstractRemoteTestNG.run(AbstractRemoteTestNG.java:115)
	at org.testng.remote.RemoteTestNG.initAndRun(RemoteTestNG.java:251)
	at org.testng.remote.RemoteTestNG.main(RemoteTestNG.java:77)
</pre></div></td>
<td>0</td>
<td>test_Annotaion_Priority.Test_Annotaion_Priority_By_Priority_DependsOnMethodsMutiplePriroty@619713e5</td></tr>
<tr>
<td title='test_Annotaion_Priority.Test_Annotaion_Priority_By_Priority_DependsOnMethods.report()'><b>report</b><br>Test class: test_Annotaion_Priority.Test_Annotaion_Priority_By_Priority_DependsOnMethods</td>
<td><div><pre>java.lang.AssertionError: null
	at test_Annotaion_Priority.Test_Annotaion_Priority_By_Priority_DependsOnMethods.report(Test_Annotaion_Priority_By_Priority_DependsOnMethods.java:26)
	at java.base/java.util.ArrayList.forEach(ArrayList.java:1507)
... Removed 29 stack frames</pre></div><a href='#' onClick='toggleBox("stack-trace587003819", this, "Click to show all stack frames", "Click to hide stack frames")'>Click to show all stack frames</a>
<div class='stack-trace' id='stack-trace587003819'><pre>java.lang.AssertionError: null
	at org.testng.Assert.fail(Assert.java:111)
	at org.testng.Assert.fail(Assert.java:116)
	at test_Annotaion_Priority.Test_Annotaion_Priority_By_Priority_DependsOnMethods.report(Test_Annotaion_Priority_By_Priority_DependsOnMethods.java:26)
	at java.base/jdk.internal.reflect.NativeMethodAccessorImpl.invoke0(Native Method)
	at java.base/jdk.internal.reflect.NativeMethodAccessorImpl.invoke(NativeMethodAccessorImpl.java:62)
	at java.base/jdk.internal.reflect.DelegatingMethodAccessorImpl.invoke(DelegatingMethodAccessorImpl.java:43)
	at java.base/java.lang.reflect.Method.invoke(Method.java:567)
	at org.testng.internal.invokers.MethodInvocationHelper.invokeMethod(MethodInvocationHelper.java:139)
	at org.testng.internal.invokers.TestInvoker.invokeMethod(TestInvoker.java:664)
	at org.testng.internal.invokers.TestInvoker.invokeTestMethod(TestInvoker.java:227)
	at org.testng.internal.invokers.MethodRunner.runInSequence(MethodRunner.java:50)
	at org.testng.internal.invokers.TestInvoker$MethodInvocationAgent.invoke(TestInvoker.java:957)
	at org.testng.internal.invokers.TestInvoker.invokeTestMethods(TestInvoker.java:200)
	at org.testng.internal.invokers.TestMethodWorker.invokeTestMethods(TestMethodWorker.java:148)
	at org.testng.internal.invokers.TestMethodWorker.run(TestMethodWorker.java:128)
	at java.base/java.util.ArrayList.forEach(ArrayList.java:1507)
	at org.testng.TestRunner.privateRun(TestRunner.java:848)
	at org.testng.TestRunner.run(TestRunner.java:621)
	at org.testng.SuiteRunner.runTest(SuiteRunner.java:443)
	at org.testng.SuiteRunner.runSequentially(SuiteRunner.java:437)
	at org.testng.SuiteRunner.privateRun(SuiteRunner.java:397)
	at org.testng.SuiteRunner.run(SuiteRunner.java:336)
	at org.testng.SuiteRunnerWorker.runSuite(SuiteRunnerWorker.java:52)
	at org.testng.SuiteRunnerWorker.run(SuiteRunnerWorker.java:95)
	at org.testng.TestNG.runSuitesSequentially(TestNG.java:1280)
	at org.testng.TestNG.runSuitesLocally(TestNG.java:1200)
	at org.testng.TestNG.runSuites(TestNG.java:1114)
	at org.testng.TestNG.run(TestNG.java:1082)
	at org.testng.remote.AbstractRemoteTestNG.run(AbstractRemoteTestNG.java:115)
	at org.testng.remote.RemoteTestNG.initAndRun(RemoteTestNG.java:251)
	at org.testng.remote.RemoteTestNG.main(RemoteTestNG.java:77)
</pre></div></td>
<td>0</td>
<td>test_Annotaion_Priority.Test_Annotaion_Priority_By_Priority_DependsOnMethods@1cbbffcd</td></tr>
<tr>
<td title='test_Annotaion_Priority.Test_Annotaion_Priority_DependsOnMethodsMutiplePriroty_SkipTest.order()'><b>order</b><br>Test class: test_Annotaion_Priority.Test_Annotaion_Priority_DependsOnMethodsMutiplePriroty_SkipTest</td>
<td><div><pre>java.lang.AssertionError: expected [true] but found [false]
	at test_Annotaion_Priority.Test_Annotaion_Priority_DependsOnMethodsMutiplePriroty_SkipTest.order(Test_Annotaion_Priority_DependsOnMethodsMutiplePriroty_SkipTest.java:17)
	at java.base/java.util.ArrayList.forEach(ArrayList.java:1507)
... Removed 34 stack frames</pre></div><a href='#' onClick='toggleBox("stack-trace101775274", this, "Click to show all stack frames", "Click to hide stack frames")'>Click to show all stack frames</a>
<div class='stack-trace' id='stack-trace101775274'><pre>java.lang.AssertionError: expected [true] but found [false]
	at org.testng.Assert.fail(Assert.java:111)
	at org.testng.Assert.failNotEquals(Assert.java:1578)
	at org.testng.Assert.assertEqualsImpl(Assert.java:150)
	at org.testng.Assert.assertEquals(Assert.java:132)
	at org.testng.Assert.assertEquals(Assert.java:1067)
	at org.testng.Assert.assertEquals(Assert.java:1031)
	at org.testng.Assert.assertEquals(Assert.java:1077)
	at test_Annotaion_Priority.Test_Annotaion_Priority_DependsOnMethodsMutiplePriroty_SkipTest.order(Test_Annotaion_Priority_DependsOnMethodsMutiplePriroty_SkipTest.java:17)
	at java.base/jdk.internal.reflect.NativeMethodAccessorImpl.invoke0(Native Method)
	at java.base/jdk.internal.reflect.NativeMethodAccessorImpl.invoke(NativeMethodAccessorImpl.java:62)
	at java.base/jdk.internal.reflect.DelegatingMethodAccessorImpl.invoke(DelegatingMethodAccessorImpl.java:43)
	at java.base/java.lang.reflect.Method.invoke(Method.java:567)
	at org.testng.internal.invokers.MethodInvocationHelper.invokeMethod(MethodInvocationHelper.java:139)
	at org.testng.internal.invokers.TestInvoker.invokeMethod(TestInvoker.java:664)
	at org.testng.internal.invokers.TestInvoker.invokeTestMethod(TestInvoker.java:227)
	at org.testng.internal.invokers.MethodRunner.runInSequence(MethodRunner.java:50)
	at org.testng.internal.invokers.TestInvoker$MethodInvocationAgent.invoke(TestInvoker.java:957)
	at org.testng.internal.invokers.TestInvoker.invokeTestMethods(TestInvoker.java:200)
	at org.testng.internal.invokers.TestMethodWorker.invokeTestMethods(TestMethodWorker.java:148)
	at org.testng.internal.invokers.TestMethodWorker.run(TestMethodWorker.java:128)
	at java.base/java.util.ArrayList.forEach(ArrayList.java:1507)
	at org.testng.TestRunner.privateRun(TestRunner.java:848)
	at org.testng.TestRunner.run(TestRunner.java:621)
	at org.testng.SuiteRunner.runTest(SuiteRunner.java:443)
	at org.testng.SuiteRunner.runSequentially(SuiteRunner.java:437)
	at org.testng.SuiteRunner.privateRun(SuiteRunner.java:397)
	at org.testng.SuiteRunner.run(SuiteRunner.java:336)
	at org.testng.SuiteRunnerWorker.runSuite(SuiteRunnerWorker.java:52)
	at org.testng.SuiteRunnerWorker.run(SuiteRunnerWorker.java:95)
	at org.testng.TestNG.runSuitesSequentially(TestNG.java:1280)
	at org.testng.TestNG.runSuitesLocally(TestNG.java:1200)
	at org.testng.TestNG.runSuites(TestNG.java:1114)
	at org.testng.TestNG.run(TestNG.java:1082)
	at org.testng.remote.AbstractRemoteTestNG.run(AbstractRemoteTestNG.java:115)
	at org.testng.remote.RemoteTestNG.initAndRun(RemoteTestNG.java:251)
	at org.testng.remote.RemoteTestNG.main(RemoteTestNG.java:77)
</pre></div></td>
<td>0</td>
<td>test_Annotaion_Priority.Test_Annotaion_Priority_DependsOnMethodsMutiplePriroty_SkipTest@708f5957</td></tr>
</table><p>
<table width='100%' border='1' class='invocation-passed'>
<tr><td colspan='4' align='center'><b>PASSED TESTS</b></td></tr>
<tr><td><b>Test method</b></td>
<td><b>Attribute(s)</b></td>
<td width="30%"><b>Exception</b></td>
<td width="10%"><b>Time (seconds)</b></td>
<td><b>Instance</b></td>
</tr>
<tr>
<td title='test_Annotaion_Priority.Test_Annotaion_Priority_Dictionary_Order.a()'><b>a</b><br>Test class: test_Annotaion_Priority.Test_Annotaion_Priority_Dictionary_Order</td>
<td></td>
<td>0</td>
<td>test_Annotaion_Priority.Test_Annotaion_Priority_Dictionary_Order@c33b74f</td></tr>
<tr>
<td title='test_Annotaion_Priority.Test_Annotaion_Priority_By_Priority_DependsOnMethods.login()'><b>login</b><br>Test class: test_Annotaion_Priority.Test_Annotaion_Priority_By_Priority_DependsOnMethods</td>
<td></td>
<td>0</td>
<td>test_Annotaion_Priority.Test_Annotaion_Priority_By_Priority_DependsOnMethods@1cbbffcd</td></tr>
<tr>
<td title='test_Annotaion_Priority.Test_Annotaion_AlwaysRun.order()'><b>order</b><br>Test class: test_Annotaion_Priority.Test_Annotaion_AlwaysRun</td>
<td></td>
<td>0</td>
<td>test_Annotaion_Priority.Test_Annotaion_AlwaysRun@68999068</td></tr>
<tr>
<td title='Tests.Test_Case_01.test_Case_02()'><b>test_Case_02</b><br>Test class: Tests.Test_Case_01</td>
<td></td>
<td>0</td>
<td>Tests.Test_Case_01@130161f7</td></tr>
<tr>
<td title='dataProvider.DataProvider_Test.testLogingFunctions1()'><b>testLogingFunctions1</b><br>Test class: dataProvider.DataProvider_Test<br>Parameters: id2, Pass2</td>
<td></td>
<td>0</td>
<td>dataProvider.DataProvider_Test@2c767a52</td></tr>
<tr>
<td title='test_Annotaion_Priority.Test_Annotaion_Priority_Dictionary_Order.b()'><b>b</b><br>Test class: test_Annotaion_Priority.Test_Annotaion_Priority_Dictionary_Order</td>
<td></td>
<td>0</td>
<td>test_Annotaion_Priority.Test_Annotaion_Priority_Dictionary_Order@c33b74f</td></tr>
<tr>
<td title='dataProvider.DataProvider_Test.testLogingFunctions1()'><b>testLogingFunctions1</b><br>Test class: dataProvider.DataProvider_Test<br>Parameters: id1, Pass1</td>
<td></td>
<td>0</td>
<td>dataProvider.DataProvider_Test@2c767a52</td></tr>
<tr>
<td title='dataProvider.DataProvider_Test.testLogingFunctions1()'><b>testLogingFunctions1</b><br>Test class: dataProvider.DataProvider_Test<br>Parameters: id3, Pass3</td>
<td></td>
<td>0</td>
<td>dataProvider.DataProvider_Test@2c767a52</td></tr>
<tr>
<td title='dataProvider.DataProvider_Test.testLogingFunctions1()'><b>testLogingFunctions1</b><br>Test class: dataProvider.DataProvider_Test<br>Parameters: id3, Pass3</td>
<td></td>
<td>0</td>
<td>dataProvider.DataProvider_Test@2c767a52</td></tr>
<tr>
<td title='test_Annotaion_Priority.Test_Annotaion_Priority_By_Priority_DependsOnMethodsMutiplePriroty.login()'><b>login</b><br>Test class: test_Annotaion_Priority.Test_Annotaion_Priority_By_Priority_DependsOnMethodsMutiplePriroty</td>
<td></td>
<td>0</td>
<td>test_Annotaion_Priority.Test_Annotaion_Priority_By_Priority_DependsOnMethodsMutiplePriroty@619713e5</td></tr>
<tr>
<td title='test_Annotaion_Priority.Test_Annotaion_AlwaysRun.login()'><b>login</b><br>Test class: test_Annotaion_Priority.Test_Annotaion_AlwaysRun</td>
<td></td>
<td>0</td>
<td>test_Annotaion_Priority.Test_Annotaion_AlwaysRun@68999068</td></tr>
<tr>
<td title='test_Annotaion_Priority.Test_Annotaion_Priority_Dictionary_Order.w()'><b>w</b><br>Test class: test_Annotaion_Priority.Test_Annotaion_Priority_Dictionary_Order</td>
<td></td>
<td>0</td>
<td>test_Annotaion_Priority.Test_Annotaion_Priority_Dictionary_Order@c33b74f</td></tr>
<tr>
<td title='test_Annotaion_Priority.Test_Annotaion_Priority_By_Priority_DependsOnMethods.order()'><b>order</b><br>Test class: test_Annotaion_Priority.Test_Annotaion_Priority_By_Priority_DependsOnMethods</td>
<td></td>
<td>0</td>
<td>test_Annotaion_Priority.Test_Annotaion_Priority_By_Priority_DependsOnMethods@1cbbffcd</td></tr>
<tr>
<td title='test_Annotaion_Priority.Test_Annotaion_Priority_DependsOnMethodsMutiplePriroty_SkipTest.login()'><b>login</b><br>Test class: test_Annotaion_Priority.Test_Annotaion_Priority_DependsOnMethodsMutiplePriroty_SkipTest</td>
<td></td>
<td>0</td>
<td>test_Annotaion_Priority.Test_Annotaion_Priority_DependsOnMethodsMutiplePriroty_SkipTest@708f5957</td></tr>
</table><p>
<table width='100%' border='1' class='invocation-skipped'>
<tr><td colspan='4' align='center'><b>SKIPPED TESTS</b></td></tr>
<tr><td><b>Test method</b></td>
<td><b>Attribute(s)</b></td>
<td width="30%"><b>Exception</b></td>
<td width="10%"><b>Time (seconds)</b></td>
<td><b>Instance</b></td>
</tr>
<tr>
<td title='test_Annotaion_Priority.Test_Annotaion_AlwaysRun.report()'><b>report</b><br>Test class: test_Annotaion_Priority.Test_Annotaion_AlwaysRun</td>
<td><div><pre>org.testng.SkipException: skipping the test
	at test_Annotaion_Priority.Test_Annotaion_AlwaysRun.report(Test_Annotaion_AlwaysRun.java:29)
	at java.base/java.util.ArrayList.forEach(ArrayList.java:1507)
... Removed 27 stack frames</pre></div><a href='#' onClick='toggleBox("stack-trace1750498848", this, "Click to show all stack frames", "Click to hide stack frames")'>Click to show all stack frames</a>
<div class='stack-trace' id='stack-trace1750498848'><pre>org.testng.SkipException: skipping the test
	at test_Annotaion_Priority.Test_Annotaion_AlwaysRun.report(Test_Annotaion_AlwaysRun.java:29)
	at java.base/jdk.internal.reflect.NativeMethodAccessorImpl.invoke0(Native Method)
	at java.base/jdk.internal.reflect.NativeMethodAccessorImpl.invoke(NativeMethodAccessorImpl.java:62)
	at java.base/jdk.internal.reflect.DelegatingMethodAccessorImpl.invoke(DelegatingMethodAccessorImpl.java:43)
	at java.base/java.lang.reflect.Method.invoke(Method.java:567)
	at org.testng.internal.invokers.MethodInvocationHelper.invokeMethod(MethodInvocationHelper.java:139)
	at org.testng.internal.invokers.TestInvoker.invokeMethod(TestInvoker.java:664)
	at org.testng.internal.invokers.TestInvoker.invokeTestMethod(TestInvoker.java:227)
	at org.testng.internal.invokers.MethodRunner.runInSequence(MethodRunner.java:50)
	at org.testng.internal.invokers.TestInvoker$MethodInvocationAgent.invoke(TestInvoker.java:957)
	at org.testng.internal.invokers.TestInvoker.invokeTestMethods(TestInvoker.java:200)
	at org.testng.internal.invokers.TestMethodWorker.invokeTestMethods(TestMethodWorker.java:148)
	at org.testng.internal.invokers.TestMethodWorker.run(TestMethodWorker.java:128)
	at java.base/java.util.ArrayList.forEach(ArrayList.java:1507)
	at org.testng.TestRunner.privateRun(TestRunner.java:848)
	at org.testng.TestRunner.run(TestRunner.java:621)
	at org.testng.SuiteRunner.runTest(SuiteRunner.java:443)
	at org.testng.SuiteRunner.runSequentially(SuiteRunner.java:437)
	at org.testng.SuiteRunner.privateRun(SuiteRunner.java:397)
	at org.testng.SuiteRunner.run(SuiteRunner.java:336)
	at org.testng.SuiteRunnerWorker.runSuite(SuiteRunnerWorker.java:52)
	at org.testng.SuiteRunnerWorker.run(SuiteRunnerWorker.java:95)
	at org.testng.TestNG.runSuitesSequentially(TestNG.java:1280)
	at org.testng.TestNG.runSuitesLocally(TestNG.java:1200)
	at org.testng.TestNG.runSuites(TestNG.java:1114)
	at org.testng.TestNG.run(TestNG.java:1082)
	at org.testng.remote.AbstractRemoteTestNG.run(AbstractRemoteTestNG.java:115)
	at org.testng.remote.RemoteTestNG.initAndRun(RemoteTestNG.java:251)
	at org.testng.remote.RemoteTestNG.main(RemoteTestNG.java:77)
</pre></div></td>
<td>0</td>
<td>test_Annotaion_Priority.Test_Annotaion_AlwaysRun@68999068</td></tr>
<tr>
<td title='test_Annotaion_Priority.Test_Annotaion_Priority_By_Priority_DependsOnMethodsMutiplePriroty.report()'><b>report</b><br>Test class: test_Annotaion_Priority.Test_Annotaion_Priority_By_Priority_DependsOnMethodsMutiplePriroty</td>
<td><div><pre>java.lang.Throwable: Method test_Annotaion_Priority.Test_Annotaion_Priority_By_Priority_DependsOnMethodsMutiplePriroty.report() on instance test_Annotaion_Priority.Test_Annotaion_Priority_By_Priority_DependsOnMethodsMutiplePriroty@619713e5 depends on not successfully finished methods 
[test_Annotaion_Priority.Test_Annotaion_Priority_By_Priority_DependsOnMethodsMutiplePriroty.order() on instance test_Annotaion_Priority.Test_Annotaion_Priority_By_Priority_DependsOnMethodsMutiplePriroty@619713e5]
	at java.base/java.util.ArrayList.forEach(ArrayList.java:1507)
... Removed 18 stack frames</pre></div><a href='#' onClick='toggleBox("stack-trace1648001170", this, "Click to show all stack frames", "Click to hide stack frames")'>Click to show all stack frames</a>
<div class='stack-trace' id='stack-trace1648001170'><pre>java.lang.Throwable: Method test_Annotaion_Priority.Test_Annotaion_Priority_By_Priority_DependsOnMethodsMutiplePriroty.report() on instance test_Annotaion_Priority.Test_Annotaion_Priority_By_Priority_DependsOnMethodsMutiplePriroty@619713e5 depends on not successfully finished methods 
[test_Annotaion_Priority.Test_Annotaion_Priority_By_Priority_DependsOnMethodsMutiplePriroty.order() on instance test_Annotaion_Priority.Test_Annotaion_Priority_By_Priority_DependsOnMethodsMutiplePriroty@619713e5]
	at org.testng.internal.invokers.TestInvoker.invokeTestMethods(TestInvoker.java:156)
	at org.testng.internal.invokers.TestMethodWorker.invokeTestMethods(TestMethodWorker.java:148)
	at org.testng.internal.invokers.TestMethodWorker.run(TestMethodWorker.java:128)
	at java.base/java.util.ArrayList.forEach(ArrayList.java:1507)
	at org.testng.TestRunner.privateRun(TestRunner.java:848)
	at org.testng.TestRunner.run(TestRunner.java:621)
	at org.testng.SuiteRunner.runTest(SuiteRunner.java:443)
	at org.testng.SuiteRunner.runSequentially(SuiteRunner.java:437)
	at org.testng.SuiteRunner.privateRun(SuiteRunner.java:397)
	at org.testng.SuiteRunner.run(SuiteRunner.java:336)
	at org.testng.SuiteRunnerWorker.runSuite(SuiteRunnerWorker.java:52)
	at org.testng.SuiteRunnerWorker.run(SuiteRunnerWorker.java:95)
	at org.testng.TestNG.runSuitesSequentially(TestNG.java:1280)
	at org.testng.TestNG.runSuitesLocally(TestNG.java:1200)
	at org.testng.TestNG.runSuites(TestNG.java:1114)
	at org.testng.TestNG.run(TestNG.java:1082)
	at org.testng.remote.AbstractRemoteTestNG.run(AbstractRemoteTestNG.java:115)
	at org.testng.remote.RemoteTestNG.initAndRun(RemoteTestNG.java:251)
	at org.testng.remote.RemoteTestNG.main(RemoteTestNG.java:77)
</pre></div></td>
<td>0</td>
<td>test_Annotaion_Priority.Test_Annotaion_Priority_By_Priority_DependsOnMethodsMutiplePriroty@619713e5</td></tr>
<tr>
<td title='test_Annotaion_Priority.Test_Annotaion_Priority_DependsOnMethodsMutiplePriroty_SkipTest.report()'><b>report</b><br>Test class: test_Annotaion_Priority.Test_Annotaion_Priority_DependsOnMethodsMutiplePriroty_SkipTest</td>
<td><div><pre>java.lang.Throwable: Method test_Annotaion_Priority.Test_Annotaion_Priority_DependsOnMethodsMutiplePriroty_SkipTest.report() on instance test_Annotaion_Priority.Test_Annotaion_Priority_DependsOnMethodsMutiplePriroty_SkipTest@708f5957 depends on not successfully finished methods 
[test_Annotaion_Priority.Test_Annotaion_Priority_DependsOnMethodsMutiplePriroty_SkipTest.order() on instance test_Annotaion_Priority.Test_Annotaion_Priority_DependsOnMethodsMutiplePriroty_SkipTest@708f5957]
	at java.base/java.util.ArrayList.forEach(ArrayList.java:1507)
... Removed 18 stack frames</pre></div><a href='#' onClick='toggleBox("stack-trace565372776", this, "Click to show all stack frames", "Click to hide stack frames")'>Click to show all stack frames</a>
<div class='stack-trace' id='stack-trace565372776'><pre>java.lang.Throwable: Method test_Annotaion_Priority.Test_Annotaion_Priority_DependsOnMethodsMutiplePriroty_SkipTest.report() on instance test_Annotaion_Priority.Test_Annotaion_Priority_DependsOnMethodsMutiplePriroty_SkipTest@708f5957 depends on not successfully finished methods 
[test_Annotaion_Priority.Test_Annotaion_Priority_DependsOnMethodsMutiplePriroty_SkipTest.order() on instance test_Annotaion_Priority.Test_Annotaion_Priority_DependsOnMethodsMutiplePriroty_SkipTest@708f5957]
	at org.testng.internal.invokers.TestInvoker.invokeTestMethods(TestInvoker.java:156)
	at org.testng.internal.invokers.TestMethodWorker.invokeTestMethods(TestMethodWorker.java:148)
	at org.testng.internal.invokers.TestMethodWorker.run(TestMethodWorker.java:128)
	at java.base/java.util.ArrayList.forEach(ArrayList.java:1507)
	at org.testng.TestRunner.privateRun(TestRunner.java:848)
	at org.testng.TestRunner.run(TestRunner.java:621)
	at org.testng.SuiteRunner.runTest(SuiteRunner.java:443)
	at org.testng.SuiteRunner.runSequentially(SuiteRunner.java:437)
	at org.testng.SuiteRunner.privateRun(SuiteRunner.java:397)
	at org.testng.SuiteRunner.run(SuiteRunner.java:336)
	at org.testng.SuiteRunnerWorker.runSuite(SuiteRunnerWorker.java:52)
	at org.testng.SuiteRunnerWorker.run(SuiteRunnerWorker.java:95)
	at org.testng.TestNG.runSuitesSequentially(TestNG.java:1280)
	at org.testng.TestNG.runSuitesLocally(TestNG.java:1200)
	at org.testng.TestNG.runSuites(TestNG.java:1114)
	at org.testng.TestNG.run(TestNG.java:1082)
	at org.testng.remote.AbstractRemoteTestNG.run(AbstractRemoteTestNG.java:115)
	at org.testng.remote.RemoteTestNG.initAndRun(RemoteTestNG.java:251)
	at org.testng.remote.RemoteTestNG.main(RemoteTestNG.java:77)
</pre></div></td>
<td>0</td>
<td>test_Annotaion_Priority.Test_Annotaion_Priority_DependsOnMethodsMutiplePriroty_SkipTest@708f5957</td></tr>
</table><p>
</body>
</html>