<?xml version="1.0" encoding="UTF-8"?>
<!-- Generated by org.testng.reporters.JUnitXMLReporter -->
<testsuite ignored="0" hostname="DESKTOP-GABB9UU" failures="4" tests="21" name="Test" time="0.166" errors="0" timestamp="2023-12-16T20:52:42 PST">
  <testcase classname="test_Annotaion_Priority.Test_Annotaion_Priority_By_Priority_DependsOnMethods" name="report" time="0.008">
    <failure type="java.lang.AssertionError" message="null">
      <![CDATA[java.lang.AssertionError: null
at test_Annotaion_Priority.Test_Annotaion_Priority_By_Priority_DependsOnMethods.report(Test_Annotaion_Priority_By_Priority_DependsOnMethods.java:26)
at java.base/java.util.ArrayList.forEach(ArrayList.java:1507)
... Removed 29 stack frames]]>
    </failure>
  </testcase> <!-- report -->
  <testcase classname="test_Annotaion_Priority.Test_Annotaion_Priority_By_Priority_DependsOnMethods" name="login" time="0.003"/>
  <testcase classname="test_Annotaion_Priority.Test_Annotaion_Priority_By_Priority_DependsOnMethods" name="order" time="0.001"/>
  <testcase classname="test_Annotaion_Priority.Test_Annotaion_Priority_Dictionary_Order" name="w" time="0.002"/>
  <testcase classname="test_Annotaion_Priority.Test_Annotaion_Priority_Dictionary_Order" name="a" time="0.004"/>
  <testcase classname="test_Annotaion_Priority.Test_Annotaion_Priority_Dictionary_Order" name="b" time="0.001"/>
  <testcase classname="Tests.Test_Case_01" name="test_Case_01" time="0.018">
    <failure type="java.lang.AssertionError" message="The following asserts failed:
	expected [xyz1] but found [xyz]">
      <![CDATA[java.lang.AssertionError: The following asserts failed:
expected [xyz1] but found [xyz]
at Tests.Test_Case_01.test_Case_01(Test_Case_01.java:19)
at java.base/java.util.ArrayList.forEach(ArrayList.java:1507)
... Removed 29 stack frames]]>
    </failure>
  </testcase> <!-- test_Case_01 -->
  <testcase classname="Tests.Test_Case_01" name="test_Case_02" time="0.003"/>
  <testcase classname="dataProvider.DataProvider_Test" name="testLogingFunctions1" time="0.001"/>
  <testcase classname="dataProvider.DataProvider_Test" name="testLogingFunctions1" time="0.001"/>
  <testcase classname="dataProvider.DataProvider_Test" name="testLogingFunctions1" time="0.001"/>
  <testcase classname="dataProvider.DataProvider_Test" name="testLogingFunctions1" time="0.002"/>
  <testcase classname="test_Annotaion_Priority.Test_Annotaion_Priority_By_Priority_DependsOnMethodsMutiplePriroty" name="login" time="0.001"/>
  <testcase classname="test_Annotaion_Priority.Test_Annotaion_Priority_By_Priority_DependsOnMethodsMutiplePriroty" name="order" time="0.001">
    <failure type="java.lang.AssertionError" message="expected [true] but found [false]">
      <![CDATA[java.lang.AssertionError: expected [true] but found [false]
at test_Annotaion_Priority.Test_Annotaion_Priority_By_Priority_DependsOnMethodsMutiplePriroty.order(Test_Annotaion_Priority_By_Priority_DependsOnMethodsMutiplePriroty.java:17)
at java.base/java.util.ArrayList.forEach(ArrayList.java:1507)
... Removed 34 stack frames]]>
    </failure>
  </testcase> <!-- order -->
  <testcase classname="test_Annotaion_Priority.Test_Annotaion_Priority_By_Priority_DependsOnMethodsMutiplePriroty" name="report" time="0.0">
    <skipped/>
  </testcase> <!-- report -->
  <testcase classname="test_Annotaion_Priority.Test_Annotaion_Priority_DependsOnMethodsMutiplePriroty_SkipTest" name="login" time="0.001"/>
  <testcase classname="test_Annotaion_Priority.Test_Annotaion_Priority_DependsOnMethodsMutiplePriroty_SkipTest" name="order" time="0.001">
    <failure type="java.lang.AssertionError" message="expected [true] but found [false]">
      <![CDATA[java.lang.AssertionError: expected [true] but found [false]
at test_Annotaion_Priority.Test_Annotaion_Priority_DependsOnMethodsMutiplePriroty_SkipTest.order(Test_Annotaion_Priority_DependsOnMethodsMutiplePriroty_SkipTest.java:17)
at java.base/java.util.ArrayList.forEach(ArrayList.java:1507)
... Removed 34 stack frames]]>
    </failure>
  </testcase> <!-- order -->
  <testcase classname="test_Annotaion_Priority.Test_Annotaion_Priority_DependsOnMethodsMutiplePriroty_SkipTest" name="report" time="0.0">
    <skipped/>
  </testcase> <!-- report -->
  <testcase classname="test_Annotaion_Priority.Test_Annotaion_AlwaysRun" name="login" time="0.0"/>
  <testcase classname="test_Annotaion_Priority.Test_Annotaion_AlwaysRun" name="order" time="0.0"/>
  <testcase classname="test_Annotaion_Priority.Test_Annotaion_AlwaysRun" name="report" time="0.001">
    <skipped/>
  </testcase> <!-- report -->
</testsuite> <!-- Test -->
