<?xml version="1.0" encoding="UTF-8"?>
<!-- Generated by org.testng.reporters.JUnitReportReporter -->
<testsuite hostname="DESKTOP-GABB9UU" failures="0" tests="1" name="dataProvider.EmployeeLogin" time="26.940" errors="1" timestamp="2023-12-19T09:06:07 PST" skipped="0">
  <testcase classname="dataProvider.EmployeeLogin" name="test_Employee_Login" time="26.940">
    <error message="Error {
  message=&#039;Target closed
=========================== logs ===========================
waiting for locator(&quot;xpath=//a[@href=&#039;elogin.php&#039;]&quot;)
============================================================
  name=&#039;Error
  stack=&#039;Error: Target closed
=========================== logs ===========================
waiting for locator(&quot;xpath=//a[@href=&#039;elogin.php&#039;]&quot;)
============================================================
    at C:\Users\atwhi\AppData\Local\Temp\playwright-java-5709726884936331648\package\lib\server\chromium\crConnection.js:145:16
    at new Promise (&lt;anonymous&gt;)
    at CRSession.send (C:\Users\atwhi\AppData\Local\Temp\playwright-java-5709726884936331648\package\lib\server\chromium\crConnection.js:141:12)
    at CRExecutionContext.evaluateWithArguments (C:\Users\atwhi\AppData\Local\Temp\playwright-java-5709726884936331648\package\lib\server\chromium\crExecutionContext.js:78:28)
    at FrameExecutionContext.evaluateWithArguments (C:\Users\atwhi\AppData\Local\Temp\playwright-java-5709726884936331648\package\lib\server\javascript.js:61:61)
    at evaluateExpression (C:\Users\atwhi\AppData\Local\Temp\playwright-java-5709726884936331648\package\lib\server\javascript.js:241:26)
    at async C:\Users\atwhi\AppData\Local\Temp\playwright-java-5709726884936331648\package\lib\server\frames.js:941:22
    at async Frame.retryWithProgressAndTimeouts (C:\Users\atwhi\AppData\Local\Temp\playwright-java-5709726884936331648\package\lib\server\frames.js:912:24)
    at async C:\Users\atwhi\AppData\Local\Temp\playwright-java-5709726884936331648\package\lib\server\frames.js:996:29
    at async ProgressController.run (C:\Users\atwhi\AppData\Local\Temp\playwright-java-5709726884936331648\package\lib\server\progress.js:92:22)
}" type="com.microsoft.playwright.PlaywrightException">
      <![CDATA[com.microsoft.playwright.PlaywrightException: Error {
  message='Target closed
=========================== logs ===========================
waiting for locator("xpath=//a[@href='elogin.php']")
============================================================
  name='Error
  stack='Error: Target closed
=========================== logs ===========================
waiting for locator("xpath=//a[@href='elogin.php']")
============================================================
    at C:\Users\atwhi\AppData\Local\Temp\playwright-java-5709726884936331648\package\lib\server\chromium\crConnection.js:145:16
    at new Promise (<anonymous>)
    at CRSession.send (C:\Users\atwhi\AppData\Local\Temp\playwright-java-5709726884936331648\package\lib\server\chromium\crConnection.js:141:12)
    at CRExecutionContext.evaluateWithArguments (C:\Users\atwhi\AppData\Local\Temp\playwright-java-5709726884936331648\package\lib\server\chromium\crExecutionContext.js:78:28)
    at FrameExecutionContext.evaluateWithArguments (C:\Users\atwhi\AppData\Local\Temp\playwright-java-5709726884936331648\package\lib\server\javascript.js:61:61)
    at evaluateExpression (C:\Users\atwhi\AppData\Local\Temp\playwright-java-5709726884936331648\package\lib\server\javascript.js:241:26)
    at async C:\Users\atwhi\AppData\Local\Temp\playwright-java-5709726884936331648\package\lib\server\frames.js:941:22
    at async Frame.retryWithProgressAndTimeouts (C:\Users\atwhi\AppData\Local\Temp\playwright-java-5709726884936331648\package\lib\server\frames.js:912:24)
    at async C:\Users\atwhi\AppData\Local\Temp\playwright-java-5709726884936331648\package\lib\server\frames.js:996:29
    at async ProgressController.run (C:\Users\atwhi\AppData\Local\Temp\playwright-java-5709726884936331648\package\lib\server\progress.js:92:22)
}
at com.microsoft.playwright.impl.WaitableResult.get(WaitableResult.java:54)
at com.microsoft.playwright.impl.ChannelOwner.runUntil(ChannelOwner.java:120)
at com.microsoft.playwright.impl.Connection.sendMessage(Connection.java:126)
at com.microsoft.playwright.impl.ChannelOwner.sendMessage(ChannelOwner.java:106)
at com.microsoft.playwright.impl.FrameImpl.clickImpl(FrameImpl.java:252)
at com.microsoft.playwright.impl.FrameImpl.lambda$click$8(FrameImpl.java:243)
at com.microsoft.playwright.impl.LoggingSupport.lambda$withLogging$0(LoggingSupport.java:36)
at com.microsoft.playwright.impl.LoggingSupport.withLogging(LoggingSupport.java:47)
at com.microsoft.playwright.impl.ChannelOwner.withLogging(ChannelOwner.java:89)
at com.microsoft.playwright.impl.LoggingSupport.withLogging(LoggingSupport.java:35)
at com.microsoft.playwright.impl.FrameImpl.click(FrameImpl.java:243)
at com.microsoft.playwright.impl.LocatorImpl.click(LocatorImpl.java:140)
at com.microsoft.playwright.Locator.click(Locator.java:2348)
at base.Base.click(Base.java:61)
at dataProvider.EmployeeLogin.test_Employee_Login(EmployeeLogin.java:14)
at java.base/jdk.internal.reflect.NativeMethodAccessorImpl.invoke0(Native Method)
at java.base/jdk.internal.reflect.NativeMethodAccessorImpl.invoke(NativeMethodAccessorImpl.java:62)
at java.base/jdk.internal.reflect.DelegatingMethodAccessorImpl.invoke(DelegatingMethodAccessorImpl.java:43)
at java.base/java.lang.reflect.Method.invoke(Method.java:567)
at org.testng.internal.invokers.MethodInvocationHelper.invokeMethod(MethodInvocationHelper.java:139)
at org.testng.internal.invokers.TestInvoker.invokeMethod(TestInvoker.java:664)
at org.testng.internal.invokers.TestInvoker.invokeTestMethod(TestInvoker.java:227)
at org.testng.internal.invokers.MethodRunner.runInSequence(MethodRunner.java:50)
at org.testng.internal.invokers.TestInvoker$MethodInvocationAgent.invoke(TestInvoker.java:957)
at org.testng.internal.invokers.TestInvoker.invokeTestMethods(TestInvoker.java:200)
at org.testng.internal.invokers.TestMethodWorker.invokeTestMethods(TestMethodWorker.java:148)
at org.testng.internal.invokers.TestMethodWorker.run(TestMethodWorker.java:128)
at java.base/java.util.ArrayList.forEach(ArrayList.java:1507)
at org.testng.TestRunner.privateRun(TestRunner.java:848)
at org.testng.TestRunner.run(TestRunner.java:621)
at org.testng.SuiteRunner.runTest(SuiteRunner.java:443)
at org.testng.SuiteRunner.runSequentially(SuiteRunner.java:437)
at org.testng.SuiteRunner.privateRun(SuiteRunner.java:397)
at org.testng.SuiteRunner.run(SuiteRunner.java:336)
at org.testng.SuiteRunnerWorker.runSuite(SuiteRunnerWorker.java:52)
at org.testng.SuiteRunnerWorker.run(SuiteRunnerWorker.java:95)
at org.testng.TestNG.runSuitesSequentially(TestNG.java:1280)
at org.testng.TestNG.runSuitesLocally(TestNG.java:1200)
at org.testng.TestNG.runSuites(TestNG.java:1114)
at org.testng.TestNG.run(TestNG.java:1082)
at org.testng.remote.AbstractRemoteTestNG.run(AbstractRemoteTestNG.java:115)
at org.testng.remote.RemoteTestNG.initAndRun(RemoteTestNG.java:251)
at org.testng.remote.RemoteTestNG.main(RemoteTestNG.java:77)
Caused by: com.microsoft.playwright.impl.DriverException: Error {
  message='Target closed
=========================== logs ===========================
waiting for locator("xpath=//a[@href='elogin.php']")
============================================================
  name='Error
  stack='Error: Target closed
=========================== logs ===========================
waiting for locator("xpath=//a[@href='elogin.php']")
============================================================
    at C:\Users\atwhi\AppData\Local\Temp\playwright-java-5709726884936331648\package\lib\server\chromium\crConnection.js:145:16
    at new Promise (<anonymous>)
    at CRSession.send (C:\Users\atwhi\AppData\Local\Temp\playwright-java-5709726884936331648\package\lib\server\chromium\crConnection.js:141:12)
    at CRExecutionContext.evaluateWithArguments (C:\Users\atwhi\AppData\Local\Temp\playwright-java-5709726884936331648\package\lib\server\chromium\crExecutionContext.js:78:28)
    at FrameExecutionContext.evaluateWithArguments (C:\Users\atwhi\AppData\Local\Temp\playwright-java-5709726884936331648\package\lib\server\javascript.js:61:61)
    at evaluateExpression (C:\Users\atwhi\AppData\Local\Temp\playwright-java-5709726884936331648\package\lib\server\javascript.js:241:26)
    at async C:\Users\atwhi\AppData\Local\Temp\playwright-java-5709726884936331648\package\lib\server\frames.js:941:22
    at async Frame.retryWithProgressAndTimeouts (C:\Users\atwhi\AppData\Local\Temp\playwright-java-5709726884936331648\package\lib\server\frames.js:912:24)
    at async C:\Users\atwhi\AppData\Local\Temp\playwright-java-5709726884936331648\package\lib\server\frames.js:996:29
    at async ProgressController.run (C:\Users\atwhi\AppData\Local\Temp\playwright-java-5709726884936331648\package\lib\server\progress.js:92:22)
}
at com.microsoft.playwright.impl.Connection.dispatch(Connection.java:226)
at com.microsoft.playwright.impl.Connection.processOneMessage(Connection.java:206)
at com.microsoft.playwright.impl.ChannelOwner.runUntil(ChannelOwner.java:118)
... 41 more
]]>
    </error>
  </testcase> <!-- test_Employee_Login -->
</testsuite> <!-- dataProvider.EmployeeLogin -->
